{"/Users/nals_macbook_131/Nal/dev/demo-vitest/front-end-testing/excercises/src/counter.ts": {"path":"/Users/nals_macbook_131/Nal/dev/demo-vitest/front-end-testing/excercises/src/counter.ts","all":false,"statementMap":{"0":{"start":{"line":1,"column":0},"end":{"line":1,"column":58}},"1":{"start":{"line":2,"column":0},"end":{"line":2,"column":17}},"2":{"start":{"line":3,"column":0},"end":{"line":3,"column":41}},"3":{"start":{"line":4,"column":0},"end":{"line":4,"column":19}},"4":{"start":{"line":5,"column":0},"end":{"line":5,"column":45}},"5":{"start":{"line":6,"column":0},"end":{"line":6,"column":3}},"6":{"start":{"line":7,"column":0},"end":{"line":7,"column":66}},"7":{"start":{"line":8,"column":0},"end":{"line":8,"column":15}},"8":{"start":{"line":9,"column":0},"end":{"line":9,"column":1}}},"s":{"0":1,"1":2,"2":2,"3":3,"4":3,"5":3,"6":2,"7":2,"8":2},"branchMap":{"0":{"type":"branch","line":1,"loc":{"start":{"line":1,"column":7},"end":{"line":9,"column":1}},"locations":[{"start":{"line":1,"column":7},"end":{"line":9,"column":1}}]},"1":{"type":"branch","line":3,"loc":{"start":{"line":3,"column":21},"end":{"line":6,"column":3}},"locations":[{"start":{"line":3,"column":21},"end":{"line":6,"column":3}}]},"2":{"type":"branch","line":7,"loc":{"start":{"line":7,"column":36},"end":{"line":7,"column":65}},"locations":[{"start":{"line":7,"column":36},"end":{"line":7,"column":65}}]}},"b":{"0":[2],"1":[3],"2":[1]},"fnMap":{"0":{"name":"setupCounter","decl":{"start":{"line":1,"column":7},"end":{"line":9,"column":1}},"loc":{"start":{"line":1,"column":7},"end":{"line":9,"column":1}},"line":1},"1":{"name":"setCounter","decl":{"start":{"line":3,"column":21},"end":{"line":6,"column":3}},"loc":{"start":{"line":3,"column":21},"end":{"line":6,"column":3}},"line":3}},"f":{"0":2,"1":3}}
,"/Users/nals_macbook_131/Nal/dev/demo-vitest/front-end-testing/excercises/src/main.ts": {"path":"/Users/nals_macbook_131/Nal/dev/demo-vitest/front-end-testing/excercises/src/main.ts","all":false,"statementMap":{"0":{"start":{"line":1,"column":0},"end":{"line":1,"column":20}},"1":{"start":{"line":2,"column":0},"end":{"line":2,"column":45}},"2":{"start":{"line":3,"column":0},"end":{"line":3,"column":32}},"3":{"start":{"line":4,"column":0},"end":{"line":4,"column":43}},"5":{"start":{"line":6,"column":0},"end":{"line":6,"column":61}},"8":{"start":{"line":9,"column":0},"end":{"line":9,"column":60}},"11":{"start":{"line":12,"column":0},"end":{"line":12,"column":80}},"23":{"start":{"line":24,"column":0},"end":{"line":24,"column":68}}},"s":{"0":1,"1":1,"2":1,"3":1,"5":1,"8":1,"11":1,"23":1},"branchMap":{},"b":{},"fnMap":{},"f":{}}
,"/Users/nals_macbook_131/Nal/dev/demo-vitest/front-end-testing/excercises/src/utils/1.cart.ts": {"path":"/Users/nals_macbook_131/Nal/dev/demo-vitest/front-end-testing/excercises/src/utils/1.cart.ts","all":false,"statementMap":{"8":{"start":{"line":9,"column":0},"end":{"line":9,"column":58}},"9":{"start":{"line":10,"column":0},"end":{"line":10,"column":46}},"10":{"start":{"line":11,"column":0},"end":{"line":11,"column":54}},"11":{"start":{"line":12,"column":0},"end":{"line":12,"column":8}},"12":{"start":{"line":13,"column":0},"end":{"line":13,"column":1}}},"s":{"8":1,"9":4,"10":5,"11":4,"12":4},"branchMap":{"0":{"type":"branch","line":9,"loc":{"start":{"line":9,"column":7},"end":{"line":13,"column":1}},"locations":[{"start":{"line":9,"column":7},"end":{"line":13,"column":1}}]},"1":{"type":"branch","line":10,"loc":{"start":{"line":10,"column":25},"end":{"line":12,"column":5}},"locations":[{"start":{"line":10,"column":25},"end":{"line":12,"column":5}}]}},"b":{"0":[4],"1":[5]},"fnMap":{"0":{"name":"calculateTotalPrice","decl":{"start":{"line":9,"column":7},"end":{"line":13,"column":1}},"loc":{"start":{"line":9,"column":7},"end":{"line":13,"column":1}},"line":9}},"f":{"0":4}}
,"/Users/nals_macbook_131/Nal/dev/demo-vitest/front-end-testing/excercises/src/utils/2.scrollToTop.ts": {"path":"/Users/nals_macbook_131/Nal/dev/demo-vitest/front-end-testing/excercises/src/utils/2.scrollToTop.ts","all":false,"statementMap":{"0":{"start":{"line":1,"column":0},"end":{"line":1,"column":130}},"1":{"start":{"line":2,"column":0},"end":{"line":2,"column":26}},"2":{"start":{"line":3,"column":0},"end":{"line":3,"column":22}},"3":{"start":{"line":4,"column":0},"end":{"line":4,"column":17}},"4":{"start":{"line":5,"column":0},"end":{"line":5,"column":13}},"5":{"start":{"line":6,"column":0},"end":{"line":6,"column":14}},"6":{"start":{"line":7,"column":0},"end":{"line":7,"column":7}},"7":{"start":{"line":8,"column":0},"end":{"line":8,"column":3}},"9":{"start":{"line":10,"column":0},"end":{"line":10,"column":10}},"10":{"start":{"line":11,"column":0},"end":{"line":11,"column":16}},"11":{"start":{"line":12,"column":0},"end":{"line":12,"column":3}},"12":{"start":{"line":13,"column":0},"end":{"line":13,"column":1}}},"s":{"0":1,"1":1,"2":1,"3":1,"4":1,"5":1,"6":1,"7":1,"9":1,"10":1,"11":1,"12":1},"branchMap":{"0":{"type":"branch","line":1,"loc":{"start":{"line":1,"column":7},"end":{"line":13,"column":1}},"locations":[{"start":{"line":1,"column":7},"end":{"line":13,"column":1}}]},"1":{"type":"branch","line":2,"loc":{"start":{"line":2,"column":2},"end":{"line":8,"column":3}},"locations":[{"start":{"line":2,"column":2},"end":{"line":8,"column":3}}]}},"b":{"0":[1],"1":[1]},"fnMap":{"0":{"name":"useScrollToTop","decl":{"start":{"line":1,"column":7},"end":{"line":13,"column":1}},"loc":{"start":{"line":1,"column":7},"end":{"line":13,"column":1}},"line":1},"1":{"name":"scrollToTop","decl":{"start":{"line":2,"column":2},"end":{"line":8,"column":3}},"loc":{"start":{"line":2,"column":2},"end":{"line":8,"column":3}},"line":2}},"f":{"0":1,"1":1}}
,"/Users/nals_macbook_131/Nal/dev/demo-vitest/front-end-testing/excercises/src/utils/3.input.ts": {"path":"/Users/nals_macbook_131/Nal/dev/demo-vitest/front-end-testing/excercises/src/utils/3.input.ts","all":false,"statementMap":{"6":{"start":{"line":7,"column":0},"end":{"line":7,"column":70}},"7":{"start":{"line":8,"column":0},"end":{"line":8,"column":46}},"9":{"start":{"line":10,"column":0},"end":{"line":10,"column":30}},"11":{"start":{"line":12,"column":0},"end":{"line":12,"column":42}},"12":{"start":{"line":13,"column":0},"end":{"line":13,"column":25}},"13":{"start":{"line":14,"column":0},"end":{"line":14,"column":40}},"14":{"start":{"line":15,"column":0},"end":{"line":15,"column":73}},"15":{"start":{"line":16,"column":0},"end":{"line":16,"column":64}},"16":{"start":{"line":17,"column":0},"end":{"line":17,"column":3}},"18":{"start":{"line":19,"column":0},"end":{"line":19,"column":15}},"19":{"start":{"line":20,"column":0},"end":{"line":20,"column":37}},"20":{"start":{"line":21,"column":0},"end":{"line":21,"column":43}},"21":{"start":{"line":22,"column":0},"end":{"line":22,"column":36}},"22":{"start":{"line":23,"column":0},"end":{"line":23,"column":3}},"24":{"start":{"line":25,"column":0},"end":{"line":25,"column":18}},"25":{"start":{"line":26,"column":0},"end":{"line":26,"column":40}},"26":{"start":{"line":27,"column":0},"end":{"line":27,"column":59}},"27":{"start":{"line":28,"column":0},"end":{"line":28,"column":64}},"28":{"start":{"line":29,"column":0},"end":{"line":29,"column":3}},"29":{"start":{"line":30,"column":0},"end":{"line":30,"column":32}},"30":{"start":{"line":31,"column":0},"end":{"line":31,"column":71}},"31":{"start":{"line":32,"column":0},"end":{"line":32,"column":3}},"33":{"start":{"line":34,"column":0},"end":{"line":34,"column":43}},"34":{"start":{"line":35,"column":0},"end":{"line":35,"column":1}}},"s":{"6":1,"7":4,"9":4,"11":4,"12":4,"13":2,"14":2,"15":1,"16":1,"18":4,"19":1,"20":4,"21":2,"22":2,"24":4,"25":1,"26":4,"27":2,"28":2,"29":4,"30":3,"31":3,"33":4,"34":4},"branchMap":{"0":{"type":"branch","line":7,"loc":{"start":{"line":7,"column":7},"end":{"line":35,"column":1}},"locations":[{"start":{"line":7,"column":7},"end":{"line":35,"column":1}}]},"1":{"type":"branch","line":13,"loc":{"start":{"line":13,"column":24},"end":{"line":17,"column":3}},"locations":[{"start":{"line":13,"column":24},"end":{"line":17,"column":3}}]},"2":{"type":"branch","line":15,"loc":{"start":{"line":15,"column":38},"end":{"line":15,"column":72}},"locations":[{"start":{"line":15,"column":38},"end":{"line":15,"column":72}}]},"3":{"type":"branch","line":15,"loc":{"start":{"line":15,"column":72},"end":{"line":17,"column":3}},"locations":[{"start":{"line":15,"column":72},"end":{"line":17,"column":3}}]},"4":{"type":"branch","line":19,"loc":{"start":{"line":19,"column":14},"end":{"line":21,"column":13}},"locations":[{"start":{"line":19,"column":14},"end":{"line":21,"column":13}}]},"5":{"type":"branch","line":21,"loc":{"start":{"line":21,"column":2},"end":{"line":23,"column":3}},"locations":[{"start":{"line":21,"column":2},"end":{"line":23,"column":3}}]},"6":{"type":"branch","line":21,"loc":{"start":{"line":21,"column":42},"end":{"line":23,"column":3}},"locations":[{"start":{"line":21,"column":42},"end":{"line":23,"column":3}}]},"7":{"type":"branch","line":25,"loc":{"start":{"line":25,"column":17},"end":{"line":27,"column":13}},"locations":[{"start":{"line":25,"column":17},"end":{"line":27,"column":13}}]},"8":{"type":"branch","line":27,"loc":{"start":{"line":27,"column":2},"end":{"line":29,"column":3}},"locations":[{"start":{"line":27,"column":2},"end":{"line":29,"column":3}}]},"9":{"type":"branch","line":27,"loc":{"start":{"line":27,"column":31},"end":{"line":27,"column":58}},"locations":[{"start":{"line":27,"column":31},"end":{"line":27,"column":58}}]},"10":{"type":"branch","line":27,"loc":{"start":{"line":27,"column":58},"end":{"line":29,"column":3}},"locations":[{"start":{"line":27,"column":58},"end":{"line":29,"column":3}}]},"11":{"type":"branch","line":30,"loc":{"start":{"line":30,"column":31},"end":{"line":32,"column":3}},"locations":[{"start":{"line":30,"column":31},"end":{"line":32,"column":3}}]},"12":{"type":"branch","line":34,"loc":{"start":{"line":34,"column":25},"end":{"line":34,"column":38}},"locations":[{"start":{"line":34,"column":25},"end":{"line":34,"column":38}}]},"13":{"type":"branch","line":34,"loc":{"start":{"line":34,"column":29},"end":{"line":34,"column":43}},"locations":[{"start":{"line":34,"column":29},"end":{"line":34,"column":43}}]}},"b":{"0":[4],"1":[2],"2":[1],"3":[1],"4":[1],"5":[3],"6":[2],"7":[1],"8":[3],"9":[1],"10":[2],"11":[3],"12":[3],"13":[1]},"fnMap":{"0":{"name":"validateUserInput","decl":{"start":{"line":7,"column":7},"end":{"line":35,"column":1}},"loc":{"start":{"line":7,"column":7},"end":{"line":35,"column":1}},"line":7}},"f":{"0":4}}
,"/Users/nals_macbook_131/Nal/dev/demo-vitest/front-end-testing/excercises/src/utils/4.authService.ts": {"path":"/Users/nals_macbook_131/Nal/dev/demo-vitest/front-end-testing/excercises/src/utils/4.authService.ts","all":false,"statementMap":{"3":{"start":{"line":4,"column":0},"end":{"line":4,"column":26}},"4":{"start":{"line":5,"column":0},"end":{"line":5,"column":68}},"5":{"start":{"line":6,"column":0},"end":{"line":6,"column":73}},"6":{"start":{"line":7,"column":0},"end":{"line":7,"column":21}},"7":{"start":{"line":8,"column":0},"end":{"line":8,"column":40}},"8":{"start":{"line":9,"column":0},"end":{"line":9,"column":7}},"9":{"start":{"line":10,"column":0},"end":{"line":10,"column":23}},"10":{"start":{"line":11,"column":0},"end":{"line":11,"column":38}},"11":{"start":{"line":12,"column":0},"end":{"line":12,"column":5}},"12":{"start":{"line":13,"column":0},"end":{"line":13,"column":39}},"13":{"start":{"line":14,"column":0},"end":{"line":14,"column":22}},"14":{"start":{"line":15,"column":0},"end":{"line":15,"column":39}},"15":{"start":{"line":16,"column":0},"end":{"line":16,"column":5}},"16":{"start":{"line":17,"column":0},"end":{"line":17,"column":22}},"17":{"start":{"line":18,"column":0},"end":{"line":18,"column":3}},"18":{"start":{"line":19,"column":0},"end":{"line":19,"column":1}}},"s":{"3":1,"4":1,"5":4,"6":4,"7":4,"8":4,"9":4,"10":1,"11":1,"12":2,"13":4,"14":1,"15":1,"16":1,"17":4,"18":1},"branchMap":{"0":{"type":"branch","line":5,"loc":{"start":{"line":5,"column":2},"end":{"line":18,"column":3}},"locations":[{"start":{"line":5,"column":2},"end":{"line":18,"column":3}}]},"1":{"type":"branch","line":9,"loc":{"start":{"line":9,"column":5},"end":{"line":10,"column":22}},"locations":[{"start":{"line":9,"column":5},"end":{"line":10,"column":22}}]},"2":{"type":"branch","line":10,"loc":{"start":{"line":10,"column":22},"end":{"line":12,"column":5}},"locations":[{"start":{"line":10,"column":22},"end":{"line":12,"column":5}}]},"3":{"type":"branch","line":12,"loc":{"start":{"line":12,"column":4},"end":{"line":14,"column":21}},"locations":[{"start":{"line":12,"column":4},"end":{"line":14,"column":21}}]},"4":{"type":"branch","line":14,"loc":{"start":{"line":14,"column":21},"end":{"line":17,"column":22}},"locations":[{"start":{"line":14,"column":21},"end":{"line":17,"column":22}}]}},"b":{"0":[4],"1":[3],"2":[1],"3":[2],"4":[1]},"fnMap":{"0":{"name":"login","decl":{"start":{"line":5,"column":2},"end":{"line":18,"column":3}},"loc":{"start":{"line":5,"column":2},"end":{"line":18,"column":3}},"line":5}},"f":{"0":4}}
,"/Users/nals_macbook_131/Nal/dev/demo-vitest/front-end-testing/excercises/src/utils/5.authService.ts": {"path":"/Users/nals_macbook_131/Nal/dev/demo-vitest/front-end-testing/excercises/src/utils/5.authService.ts","all":false,"statementMap":{"3":{"start":{"line":4,"column":0},"end":{"line":4,"column":26}},"4":{"start":{"line":5,"column":0},"end":{"line":5,"column":68}},"6":{"start":{"line":7,"column":0},"end":{"line":7,"column":73}},"7":{"start":{"line":8,"column":0},"end":{"line":8,"column":21}},"8":{"start":{"line":9,"column":0},"end":{"line":9,"column":40}},"9":{"start":{"line":10,"column":0},"end":{"line":10,"column":7}},"10":{"start":{"line":11,"column":0},"end":{"line":11,"column":57}},"12":{"start":{"line":13,"column":0},"end":{"line":13,"column":39}},"13":{"start":{"line":14,"column":0},"end":{"line":14,"column":56}},"16":{"start":{"line":17,"column":0},"end":{"line":17,"column":76}},"17":{"start":{"line":18,"column":0},"end":{"line":18,"column":20}},"18":{"start":{"line":19,"column":0},"end":{"line":19,"column":16}},"19":{"start":{"line":20,"column":0},"end":{"line":20,"column":48}},"20":{"start":{"line":21,"column":0},"end":{"line":21,"column":8}},"21":{"start":{"line":22,"column":0},"end":{"line":22,"column":7}},"22":{"start":{"line":23,"column":0},"end":{"line":23,"column":51}},"24":{"start":{"line":25,"column":0},"end":{"line":25,"column":47}},"25":{"start":{"line":26,"column":0},"end":{"line":26,"column":44}},"27":{"start":{"line":28,"column":0},"end":{"line":28,"column":20}},"28":{"start":{"line":29,"column":0},"end":{"line":29,"column":3}},"29":{"start":{"line":30,"column":0},"end":{"line":30,"column":1}}},"s":{"3":1,"4":1,"6":6,"7":6,"8":6,"9":6,"10":6,"12":4,"13":6,"16":3,"17":3,"18":3,"19":3,"20":3,"21":3,"22":6,"24":2,"25":6,"27":1,"28":6,"29":1},"branchMap":{"0":{"type":"branch","line":5,"loc":{"start":{"line":5,"column":2},"end":{"line":29,"column":3}},"locations":[{"start":{"line":5,"column":2},"end":{"line":29,"column":3}}]},"1":{"type":"branch","line":10,"loc":{"start":{"line":10,"column":5},"end":{"line":11,"column":29}},"locations":[{"start":{"line":10,"column":5},"end":{"line":11,"column":29}}]},"2":{"type":"branch","line":11,"loc":{"start":{"line":11,"column":22},"end":{"line":11,"column":57}},"locations":[{"start":{"line":11,"column":22},"end":{"line":11,"column":57}}]},"3":{"type":"branch","line":11,"loc":{"start":{"line":11,"column":29},"end":{"line":14,"column":28}},"locations":[{"start":{"line":11,"column":29},"end":{"line":14,"column":28}}]},"4":{"type":"branch","line":14,"loc":{"start":{"line":14,"column":21},"end":{"line":14,"column":56}},"locations":[{"start":{"line":14,"column":21},"end":{"line":14,"column":56}}]},"5":{"type":"branch","line":14,"loc":{"start":{"line":14,"column":28},"end":{"line":23,"column":33}},"locations":[{"start":{"line":14,"column":28},"end":{"line":23,"column":33}}]},"6":{"type":"branch","line":23,"loc":{"start":{"line":23,"column":26},"end":{"line":23,"column":51}},"locations":[{"start":{"line":23,"column":26},"end":{"line":23,"column":51}}]},"7":{"type":"branch","line":23,"loc":{"start":{"line":23,"column":33},"end":{"line":26,"column":26}},"locations":[{"start":{"line":23,"column":33},"end":{"line":26,"column":26}}]},"8":{"type":"branch","line":26,"loc":{"start":{"line":26,"column":19},"end":{"line":28,"column":20}},"locations":[{"start":{"line":26,"column":19},"end":{"line":28,"column":20}}]}},"b":{"0":[6],"1":[5],"2":[1],"3":[4],"4":[1],"5":[3],"6":[1],"7":[2],"8":[1]},"fnMap":{"0":{"name":"login","decl":{"start":{"line":5,"column":2},"end":{"line":29,"column":3}},"loc":{"start":{"line":5,"column":2},"end":{"line":29,"column":3}},"line":5}},"f":{"0":6}}
,"/Users/nals_macbook_131/Nal/dev/demo-vitest/front-end-testing/excercises/src/utils/6.discount.ts": {"path":"/Users/nals_macbook_131/Nal/dev/demo-vitest/front-end-testing/excercises/src/utils/6.discount.ts","all":false,"statementMap":{"21":{"start":{"line":22,"column":0},"end":{"line":22,"column":97}},"22":{"start":{"line":23,"column":0},"end":{"line":23,"column":27}},"24":{"start":{"line":25,"column":0},"end":{"line":25,"column":65}},"26":{"start":{"line":27,"column":0},"end":{"line":27,"column":23}},"27":{"start":{"line":28,"column":0},"end":{"line":28,"column":26}},"28":{"start":{"line":29,"column":0},"end":{"line":29,"column":15}},"29":{"start":{"line":30,"column":0},"end":{"line":30,"column":32}},"30":{"start":{"line":31,"column":0},"end":{"line":31,"column":12}},"31":{"start":{"line":32,"column":0},"end":{"line":32,"column":19}},"32":{"start":{"line":33,"column":0},"end":{"line":33,"column":32}},"33":{"start":{"line":34,"column":0},"end":{"line":34,"column":12}},"34":{"start":{"line":35,"column":0},"end":{"line":35,"column":18}},"35":{"start":{"line":36,"column":0},"end":{"line":36,"column":29}},"36":{"start":{"line":37,"column":0},"end":{"line":37,"column":12}},"37":{"start":{"line":38,"column":0},"end":{"line":38,"column":12}},"38":{"start":{"line":39,"column":0},"end":{"line":39,"column":29}},"39":{"start":{"line":40,"column":0},"end":{"line":40,"column":3}},"41":{"start":{"line":42,"column":0},"end":{"line":42,"column":44}},"42":{"start":{"line":43,"column":0},"end":{"line":43,"column":31}},"43":{"start":{"line":44,"column":0},"end":{"line":44,"column":53}},"44":{"start":{"line":45,"column":0},"end":{"line":45,"column":31}},"45":{"start":{"line":46,"column":0},"end":{"line":46,"column":55}},"46":{"start":{"line":47,"column":0},"end":{"line":47,"column":31}},"47":{"start":{"line":48,"column":0},"end":{"line":48,"column":3}},"49":{"start":{"line":50,"column":0},"end":{"line":50,"column":40}},"51":{"start":{"line":52,"column":0},"end":{"line":52,"column":35}},"52":{"start":{"line":53,"column":0},"end":{"line":53,"column":1}}},"s":{"21":1,"22":15,"24":10,"26":10,"27":10,"28":15,"29":2,"30":2,"31":15,"32":2,"33":2,"34":15,"35":1,"36":1,"37":15,"38":5,"39":15,"41":15,"42":2,"43":15,"44":2,"45":8,"46":2,"47":2,"49":10,"51":10,"52":10},"branchMap":{"0":{"type":"branch","line":22,"loc":{"start":{"line":22,"column":7},"end":{"line":53,"column":1}},"locations":[{"start":{"line":22,"column":7},"end":{"line":53,"column":1}}]},"1":{"type":"branch","line":23,"loc":{"start":{"line":23,"column":18},"end":{"line":23,"column":27}},"locations":[{"start":{"line":23,"column":18},"end":{"line":23,"column":27}}]},"2":{"type":"branch","line":23,"loc":{"start":{"line":23,"column":25},"end":{"line":28,"column":26}},"locations":[{"start":{"line":23,"column":25},"end":{"line":28,"column":26}}]},"3":{"type":"branch","line":29,"loc":{"start":{"line":29,"column":4},"end":{"line":31,"column":12}},"locations":[{"start":{"line":29,"column":4},"end":{"line":31,"column":12}}]},"4":{"type":"branch","line":32,"loc":{"start":{"line":32,"column":4},"end":{"line":34,"column":12}},"locations":[{"start":{"line":32,"column":4},"end":{"line":34,"column":12}}]},"5":{"type":"branch","line":35,"loc":{"start":{"line":35,"column":4},"end":{"line":37,"column":12}},"locations":[{"start":{"line":35,"column":4},"end":{"line":37,"column":12}}]},"6":{"type":"branch","line":38,"loc":{"start":{"line":38,"column":4},"end":{"line":39,"column":29}},"locations":[{"start":{"line":38,"column":4},"end":{"line":39,"column":29}}]},"7":{"type":"branch","line":40,"loc":{"start":{"line":40,"column":2},"end":{"line":42,"column":43}},"locations":[{"start":{"line":40,"column":2},"end":{"line":42,"column":43}}]},"8":{"type":"branch","line":42,"loc":{"start":{"line":42,"column":43},"end":{"line":44,"column":13}},"locations":[{"start":{"line":42,"column":43},"end":{"line":44,"column":13}}]},"9":{"type":"branch","line":44,"loc":{"start":{"line":44,"column":2},"end":{"line":48,"column":3}},"locations":[{"start":{"line":44,"column":2},"end":{"line":48,"column":3}}]},"10":{"type":"branch","line":44,"loc":{"start":{"line":44,"column":52},"end":{"line":46,"column":13}},"locations":[{"start":{"line":44,"column":52},"end":{"line":46,"column":13}}]},"11":{"type":"branch","line":46,"loc":{"start":{"line":46,"column":2},"end":{"line":48,"column":3}},"locations":[{"start":{"line":46,"column":2},"end":{"line":48,"column":3}}]},"12":{"type":"branch","line":46,"loc":{"start":{"line":46,"column":54},"end":{"line":48,"column":3}},"locations":[{"start":{"line":46,"column":54},"end":{"line":48,"column":3}}]},"13":{"type":"branch","line":48,"loc":{"start":{"line":48,"column":2},"end":{"line":53,"column":1}},"locations":[{"start":{"line":48,"column":2},"end":{"line":53,"column":1}}]}},"b":{"0":[15],"1":[5],"2":[10],"3":[2],"4":[2],"5":[1],"6":[5],"7":[10],"8":[2],"9":[8],"10":[2],"11":[6],"12":[2],"13":[10]},"fnMap":{"0":{"name":"calculateDiscount","decl":{"start":{"line":22,"column":7},"end":{"line":53,"column":1}},"loc":{"start":{"line":22,"column":7},"end":{"line":53,"column":1}},"line":22}},"f":{"0":15}}
}
