{"/Users/linhhtk/Documents/projects/nals/front-end-testing/excercises/src/counter.ts": {"path":"/Users/linhhtk/Documents/projects/nals/front-end-testing/excercises/src/counter.ts","all":true,"statementMap":{"0":{"start":{"line":1,"column":0},"end":{"line":1,"column":58}},"1":{"start":{"line":2,"column":0},"end":{"line":2,"column":17}},"2":{"start":{"line":3,"column":0},"end":{"line":3,"column":41}},"3":{"start":{"line":4,"column":0},"end":{"line":4,"column":19}},"4":{"start":{"line":5,"column":0},"end":{"line":5,"column":45}},"5":{"start":{"line":6,"column":0},"end":{"line":6,"column":3}},"6":{"start":{"line":7,"column":0},"end":{"line":7,"column":66}},"7":{"start":{"line":8,"column":0},"end":{"line":8,"column":15}},"8":{"start":{"line":9,"column":0},"end":{"line":9,"column":1}}},"s":{"0":0,"1":0,"2":0,"3":0,"4":0,"5":0,"6":0,"7":0,"8":0},"branchMap":{"0":{"type":"branch","line":1,"loc":{"start":{"line":1,"column":273},"end":{"line":9,"column":1}},"locations":[{"start":{"line":1,"column":273},"end":{"line":9,"column":1}}]}},"b":{"0":[0]},"fnMap":{"0":{"name":"(empty-report)","decl":{"start":{"line":1,"column":273},"end":{"line":9,"column":1}},"loc":{"start":{"line":1,"column":273},"end":{"line":9,"column":1}},"line":1}},"f":{"0":0}}
,"/Users/linhhtk/Documents/projects/nals/front-end-testing/excercises/src/main.ts": {"path":"/Users/linhhtk/Documents/projects/nals/front-end-testing/excercises/src/main.ts","all":true,"statementMap":{"0":{"start":{"line":1,"column":0},"end":{"line":1,"column":20}},"1":{"start":{"line":2,"column":0},"end":{"line":2,"column":45}},"2":{"start":{"line":3,"column":0},"end":{"line":3,"column":32}},"3":{"start":{"line":4,"column":0},"end":{"line":4,"column":43}},"5":{"start":{"line":6,"column":0},"end":{"line":6,"column":61}},"8":{"start":{"line":9,"column":0},"end":{"line":9,"column":60}},"11":{"start":{"line":12,"column":0},"end":{"line":12,"column":80}},"23":{"start":{"line":24,"column":0},"end":{"line":24,"column":68}}},"s":{"0":0,"1":0,"2":0,"3":0,"5":0,"8":0,"11":0,"23":0},"branchMap":{"0":{"type":"branch","line":1,"loc":{"start":{"line":1,"column":0},"end":{"line":24,"column":-236}},"locations":[{"start":{"line":1,"column":0},"end":{"line":24,"column":-236}}]}},"b":{"0":[0]},"fnMap":{"0":{"name":"(empty-report)","decl":{"start":{"line":1,"column":0},"end":{"line":24,"column":-236}},"loc":{"start":{"line":1,"column":0},"end":{"line":24,"column":-236}},"line":1}},"f":{"0":0}}
,"/Users/linhhtk/Documents/projects/nals/front-end-testing/excercises/src/utils/1.cart.ts": {"path":"/Users/linhhtk/Documents/projects/nals/front-end-testing/excercises/src/utils/1.cart.ts","all":false,"statementMap":{"8":{"start":{"line":9,"column":0},"end":{"line":9,"column":58}},"9":{"start":{"line":10,"column":0},"end":{"line":10,"column":46}},"10":{"start":{"line":11,"column":0},"end":{"line":11,"column":80}},"11":{"start":{"line":12,"column":0},"end":{"line":12,"column":8}},"12":{"start":{"line":13,"column":0},"end":{"line":13,"column":1}}},"s":{"8":1,"9":10,"10":17,"11":10,"12":10},"branchMap":{"0":{"type":"branch","line":9,"loc":{"start":{"line":9,"column":7},"end":{"line":13,"column":1}},"locations":[{"start":{"line":9,"column":7},"end":{"line":13,"column":1}}]},"1":{"type":"branch","line":10,"loc":{"start":{"line":10,"column":25},"end":{"line":12,"column":5}},"locations":[{"start":{"line":10,"column":25},"end":{"line":12,"column":5}}]}},"b":{"0":[10],"1":[17]},"fnMap":{"0":{"name":"calculateTotalPrice","decl":{"start":{"line":9,"column":7},"end":{"line":13,"column":1}},"loc":{"start":{"line":9,"column":7},"end":{"line":13,"column":1}},"line":9}},"f":{"0":10}}
,"/Users/linhhtk/Documents/projects/nals/front-end-testing/excercises/src/utils/2.scrollToTop.ts": {"path":"/Users/linhhtk/Documents/projects/nals/front-end-testing/excercises/src/utils/2.scrollToTop.ts","all":false,"statementMap":{"0":{"start":{"line":1,"column":0},"end":{"line":1,"column":130}},"1":{"start":{"line":2,"column":0},"end":{"line":2,"column":26}},"2":{"start":{"line":3,"column":0},"end":{"line":3,"column":22}},"3":{"start":{"line":4,"column":0},"end":{"line":4,"column":17}},"4":{"start":{"line":5,"column":0},"end":{"line":5,"column":13}},"5":{"start":{"line":6,"column":0},"end":{"line":6,"column":14}},"6":{"start":{"line":7,"column":0},"end":{"line":7,"column":7}},"7":{"start":{"line":8,"column":0},"end":{"line":8,"column":3}},"9":{"start":{"line":10,"column":0},"end":{"line":10,"column":10}},"10":{"start":{"line":11,"column":0},"end":{"line":11,"column":16}},"11":{"start":{"line":12,"column":0},"end":{"line":12,"column":3}},"12":{"start":{"line":13,"column":0},"end":{"line":13,"column":1}}},"s":{"0":1,"1":3,"2":3,"3":3,"4":3,"5":3,"6":3,"7":3,"9":3,"10":3,"11":3,"12":3},"branchMap":{"0":{"type":"branch","line":1,"loc":{"start":{"line":1,"column":7},"end":{"line":13,"column":1}},"locations":[{"start":{"line":1,"column":7},"end":{"line":13,"column":1}}]},"1":{"type":"branch","line":2,"loc":{"start":{"line":2,"column":2},"end":{"line":8,"column":3}},"locations":[{"start":{"line":2,"column":2},"end":{"line":8,"column":3}}]}},"b":{"0":[3],"1":[3]},"fnMap":{"0":{"name":"useScrollToTop","decl":{"start":{"line":1,"column":7},"end":{"line":13,"column":1}},"loc":{"start":{"line":1,"column":7},"end":{"line":13,"column":1}},"line":1},"1":{"name":"scrollToTop","decl":{"start":{"line":2,"column":2},"end":{"line":8,"column":3}},"loc":{"start":{"line":2,"column":2},"end":{"line":8,"column":3}},"line":2}},"f":{"0":3,"1":3}}
,"/Users/linhhtk/Documents/projects/nals/front-end-testing/excercises/src/utils/3.input.ts": {"path":"/Users/linhhtk/Documents/projects/nals/front-end-testing/excercises/src/utils/3.input.ts","all":false,"statementMap":{"6":{"start":{"line":7,"column":0},"end":{"line":7,"column":70}},"7":{"start":{"line":8,"column":0},"end":{"line":8,"column":46}},"9":{"start":{"line":10,"column":0},"end":{"line":10,"column":30}},"11":{"start":{"line":12,"column":0},"end":{"line":12,"column":42}},"12":{"start":{"line":13,"column":0},"end":{"line":13,"column":25}},"13":{"start":{"line":14,"column":0},"end":{"line":14,"column":40}},"14":{"start":{"line":15,"column":0},"end":{"line":15,"column":73}},"15":{"start":{"line":16,"column":0},"end":{"line":16,"column":64}},"16":{"start":{"line":17,"column":0},"end":{"line":17,"column":3}},"18":{"start":{"line":19,"column":0},"end":{"line":19,"column":15}},"19":{"start":{"line":20,"column":0},"end":{"line":20,"column":37}},"20":{"start":{"line":21,"column":0},"end":{"line":21,"column":43}},"21":{"start":{"line":22,"column":0},"end":{"line":22,"column":36}},"22":{"start":{"line":23,"column":0},"end":{"line":23,"column":3}},"24":{"start":{"line":25,"column":0},"end":{"line":25,"column":18}},"25":{"start":{"line":26,"column":0},"end":{"line":26,"column":40}},"26":{"start":{"line":27,"column":0},"end":{"line":27,"column":59}},"27":{"start":{"line":28,"column":0},"end":{"line":28,"column":64}},"28":{"start":{"line":29,"column":0},"end":{"line":29,"column":39}},"29":{"start":{"line":30,"column":0},"end":{"line":30,"column":71}},"30":{"start":{"line":31,"column":0},"end":{"line":31,"column":3}},"32":{"start":{"line":33,"column":0},"end":{"line":33,"column":43}},"33":{"start":{"line":34,"column":0},"end":{"line":34,"column":1}}},"s":{"6":1,"7":4,"9":4,"11":4,"12":4,"13":1,"14":4,"15":1,"16":1,"18":4,"19":1,"20":4,"21":1,"22":1,"24":4,"25":1,"26":4,"27":1,"28":3,"29":1,"30":1,"32":4,"33":4},"branchMap":{"0":{"type":"branch","line":7,"loc":{"start":{"line":7,"column":7},"end":{"line":34,"column":1}},"locations":[{"start":{"line":7,"column":7},"end":{"line":34,"column":1}}]},"1":{"type":"branch","line":13,"loc":{"start":{"line":13,"column":24},"end":{"line":15,"column":13}},"locations":[{"start":{"line":13,"column":24},"end":{"line":15,"column":13}}]},"2":{"type":"branch","line":15,"loc":{"start":{"line":15,"column":2},"end":{"line":17,"column":3}},"locations":[{"start":{"line":15,"column":2},"end":{"line":17,"column":3}}]},"3":{"type":"branch","line":15,"loc":{"start":{"line":15,"column":38},"end":{"line":15,"column":72}},"locations":[{"start":{"line":15,"column":38},"end":{"line":15,"column":72}}]},"4":{"type":"branch","line":15,"loc":{"start":{"line":15,"column":72},"end":{"line":17,"column":3}},"locations":[{"start":{"line":15,"column":72},"end":{"line":17,"column":3}}]},"5":{"type":"branch","line":19,"loc":{"start":{"line":19,"column":14},"end":{"line":21,"column":13}},"locations":[{"start":{"line":19,"column":14},"end":{"line":21,"column":13}}]},"6":{"type":"branch","line":21,"loc":{"start":{"line":21,"column":2},"end":{"line":23,"column":3}},"locations":[{"start":{"line":21,"column":2},"end":{"line":23,"column":3}}]},"7":{"type":"branch","line":21,"loc":{"start":{"line":21,"column":42},"end":{"line":23,"column":3}},"locations":[{"start":{"line":21,"column":42},"end":{"line":23,"column":3}}]},"8":{"type":"branch","line":25,"loc":{"start":{"line":25,"column":17},"end":{"line":27,"column":13}},"locations":[{"start":{"line":25,"column":17},"end":{"line":27,"column":13}}]},"9":{"type":"branch","line":27,"loc":{"start":{"line":27,"column":2},"end":{"line":31,"column":3}},"locations":[{"start":{"line":27,"column":2},"end":{"line":31,"column":3}}]},"10":{"type":"branch","line":27,"loc":{"start":{"line":27,"column":31},"end":{"line":27,"column":58}},"locations":[{"start":{"line":27,"column":31},"end":{"line":27,"column":58}}]},"11":{"type":"branch","line":27,"loc":{"start":{"line":27,"column":58},"end":{"line":29,"column":13}},"locations":[{"start":{"line":27,"column":58},"end":{"line":29,"column":13}}]},"12":{"type":"branch","line":29,"loc":{"start":{"line":29,"column":2},"end":{"line":31,"column":3}},"locations":[{"start":{"line":29,"column":2},"end":{"line":31,"column":3}}]},"13":{"type":"branch","line":29,"loc":{"start":{"line":29,"column":38},"end":{"line":31,"column":3}},"locations":[{"start":{"line":29,"column":38},"end":{"line":31,"column":3}}]},"14":{"type":"branch","line":33,"loc":{"start":{"line":33,"column":25},"end":{"line":33,"column":38}},"locations":[{"start":{"line":33,"column":25},"end":{"line":33,"column":38}}]},"15":{"type":"branch","line":33,"loc":{"start":{"line":33,"column":29},"end":{"line":33,"column":43}},"locations":[{"start":{"line":33,"column":29},"end":{"line":33,"column":43}}]}},"b":{"0":[4],"1":[1],"2":[3],"3":[2],"4":[1],"5":[1],"6":[3],"7":[1],"8":[1],"9":[3],"10":[2],"11":[1],"12":[2],"13":[1],"14":[3],"15":[1]},"fnMap":{"0":{"name":"validateUserInput","decl":{"start":{"line":7,"column":7},"end":{"line":34,"column":1}},"loc":{"start":{"line":7,"column":7},"end":{"line":34,"column":1}},"line":7}},"f":{"0":4}}
,"/Users/linhhtk/Documents/projects/nals/front-end-testing/excercises/src/utils/4.authService.ts": {"path":"/Users/linhhtk/Documents/projects/nals/front-end-testing/excercises/src/utils/4.authService.ts","all":false,"statementMap":{"3":{"start":{"line":4,"column":0},"end":{"line":4,"column":26}},"4":{"start":{"line":5,"column":0},"end":{"line":5,"column":68}},"5":{"start":{"line":6,"column":0},"end":{"line":6,"column":73}},"6":{"start":{"line":7,"column":0},"end":{"line":7,"column":21}},"7":{"start":{"line":8,"column":0},"end":{"line":8,"column":40}},"8":{"start":{"line":9,"column":0},"end":{"line":9,"column":7}},"9":{"start":{"line":10,"column":0},"end":{"line":10,"column":23}},"10":{"start":{"line":11,"column":0},"end":{"line":11,"column":38}},"11":{"start":{"line":12,"column":0},"end":{"line":12,"column":5}},"12":{"start":{"line":13,"column":0},"end":{"line":13,"column":39}},"13":{"start":{"line":14,"column":0},"end":{"line":14,"column":22}},"14":{"start":{"line":15,"column":0},"end":{"line":15,"column":39}},"15":{"start":{"line":16,"column":0},"end":{"line":16,"column":5}},"16":{"start":{"line":17,"column":0},"end":{"line":17,"column":22}},"17":{"start":{"line":18,"column":0},"end":{"line":18,"column":3}},"18":{"start":{"line":19,"column":0},"end":{"line":19,"column":1}}},"s":{"3":1,"4":1,"5":3,"6":3,"7":3,"8":3,"9":3,"10":1,"11":1,"12":2,"13":3,"14":1,"15":1,"16":1,"17":3,"18":1},"branchMap":{"0":{"type":"branch","line":5,"loc":{"start":{"line":5,"column":2},"end":{"line":18,"column":3}},"locations":[{"start":{"line":5,"column":2},"end":{"line":18,"column":3}}]},"1":{"type":"branch","line":10,"loc":{"start":{"line":10,"column":22},"end":{"line":12,"column":5}},"locations":[{"start":{"line":10,"column":22},"end":{"line":12,"column":5}}]},"2":{"type":"branch","line":12,"loc":{"start":{"line":12,"column":4},"end":{"line":14,"column":21}},"locations":[{"start":{"line":12,"column":4},"end":{"line":14,"column":21}}]},"3":{"type":"branch","line":14,"loc":{"start":{"line":14,"column":21},"end":{"line":17,"column":22}},"locations":[{"start":{"line":14,"column":21},"end":{"line":17,"column":22}}]}},"b":{"0":[3],"1":[1],"2":[2],"3":[1]},"fnMap":{"0":{"name":"login","decl":{"start":{"line":5,"column":2},"end":{"line":18,"column":3}},"loc":{"start":{"line":5,"column":2},"end":{"line":18,"column":3}},"line":5}},"f":{"0":3}}
,"/Users/linhhtk/Documents/projects/nals/front-end-testing/excercises/src/utils/5.authService.ts": {"path":"/Users/linhhtk/Documents/projects/nals/front-end-testing/excercises/src/utils/5.authService.ts","all":false,"statementMap":{"3":{"start":{"line":4,"column":0},"end":{"line":4,"column":26}},"4":{"start":{"line":5,"column":0},"end":{"line":5,"column":68}},"6":{"start":{"line":7,"column":0},"end":{"line":7,"column":73}},"7":{"start":{"line":8,"column":0},"end":{"line":8,"column":21}},"8":{"start":{"line":9,"column":0},"end":{"line":9,"column":40}},"9":{"start":{"line":10,"column":0},"end":{"line":10,"column":7}},"10":{"start":{"line":11,"column":0},"end":{"line":11,"column":57}},"12":{"start":{"line":13,"column":0},"end":{"line":13,"column":39}},"13":{"start":{"line":14,"column":0},"end":{"line":14,"column":56}},"16":{"start":{"line":17,"column":0},"end":{"line":17,"column":76}},"17":{"start":{"line":18,"column":0},"end":{"line":18,"column":20}},"18":{"start":{"line":19,"column":0},"end":{"line":19,"column":16}},"19":{"start":{"line":20,"column":0},"end":{"line":20,"column":48}},"20":{"start":{"line":21,"column":0},"end":{"line":21,"column":8}},"21":{"start":{"line":22,"column":0},"end":{"line":22,"column":7}},"22":{"start":{"line":23,"column":0},"end":{"line":23,"column":51}},"24":{"start":{"line":25,"column":0},"end":{"line":25,"column":47}},"25":{"start":{"line":26,"column":0},"end":{"line":26,"column":44}},"27":{"start":{"line":28,"column":0},"end":{"line":28,"column":20}},"28":{"start":{"line":29,"column":0},"end":{"line":29,"column":3}},"29":{"start":{"line":30,"column":0},"end":{"line":30,"column":1}}},"s":{"3":1,"4":1,"6":5,"7":5,"8":5,"9":5,"10":5,"12":4,"13":5,"16":3,"17":3,"18":3,"19":3,"20":3,"21":3,"22":5,"24":2,"25":5,"27":1,"28":5,"29":1},"branchMap":{"0":{"type":"branch","line":5,"loc":{"start":{"line":5,"column":2},"end":{"line":29,"column":3}},"locations":[{"start":{"line":5,"column":2},"end":{"line":29,"column":3}}]},"1":{"type":"branch","line":11,"loc":{"start":{"line":11,"column":22},"end":{"line":11,"column":57}},"locations":[{"start":{"line":11,"column":22},"end":{"line":11,"column":57}}]},"2":{"type":"branch","line":11,"loc":{"start":{"line":11,"column":29},"end":{"line":14,"column":28}},"locations":[{"start":{"line":11,"column":29},"end":{"line":14,"column":28}}]},"3":{"type":"branch","line":14,"loc":{"start":{"line":14,"column":21},"end":{"line":14,"column":56}},"locations":[{"start":{"line":14,"column":21},"end":{"line":14,"column":56}}]},"4":{"type":"branch","line":14,"loc":{"start":{"line":14,"column":28},"end":{"line":23,"column":33}},"locations":[{"start":{"line":14,"column":28},"end":{"line":23,"column":33}}]},"5":{"type":"branch","line":23,"loc":{"start":{"line":23,"column":26},"end":{"line":23,"column":51}},"locations":[{"start":{"line":23,"column":26},"end":{"line":23,"column":51}}]},"6":{"type":"branch","line":23,"loc":{"start":{"line":23,"column":33},"end":{"line":26,"column":26}},"locations":[{"start":{"line":23,"column":33},"end":{"line":26,"column":26}}]},"7":{"type":"branch","line":26,"loc":{"start":{"line":26,"column":19},"end":{"line":28,"column":20}},"locations":[{"start":{"line":26,"column":19},"end":{"line":28,"column":20}}]}},"b":{"0":[5],"1":[1],"2":[4],"3":[1],"4":[3],"5":[1],"6":[2],"7":[1]},"fnMap":{"0":{"name":"login","decl":{"start":{"line":5,"column":2},"end":{"line":29,"column":3}},"loc":{"start":{"line":5,"column":2},"end":{"line":29,"column":3}},"line":5}},"f":{"0":5}}
,"/Users/linhhtk/Documents/projects/nals/front-end-testing/excercises/src/utils/6.discount.ts": {"path":"/Users/linhhtk/Documents/projects/nals/front-end-testing/excercises/src/utils/6.discount.ts","all":false,"statementMap":{"10":{"start":{"line":11,"column":0},"end":{"line":11,"column":85}},"11":{"start":{"line":12,"column":0},"end":{"line":12,"column":26}},"12":{"start":{"line":13,"column":0},"end":{"line":13,"column":15}},"13":{"start":{"line":14,"column":0},"end":{"line":14,"column":24}},"14":{"start":{"line":15,"column":0},"end":{"line":15,"column":19}},"15":{"start":{"line":16,"column":0},"end":{"line":16,"column":24}},"16":{"start":{"line":17,"column":0},"end":{"line":17,"column":18}},"17":{"start":{"line":18,"column":0},"end":{"line":18,"column":12}},"18":{"start":{"line":19,"column":0},"end":{"line":19,"column":21}},"19":{"start":{"line":20,"column":0},"end":{"line":20,"column":3}},"20":{"start":{"line":21,"column":0},"end":{"line":21,"column":1}},"25":{"start":{"line":26,"column":0},"end":{"line":26,"column":70}},"26":{"start":{"line":27,"column":0},"end":{"line":27,"column":24}},"27":{"start":{"line":28,"column":0},"end":{"line":28,"column":21}},"28":{"start":{"line":29,"column":0},"end":{"line":29,"column":24}},"29":{"start":{"line":30,"column":0},"end":{"line":30,"column":23}},"30":{"start":{"line":31,"column":0},"end":{"line":31,"column":24}},"31":{"start":{"line":32,"column":0},"end":{"line":32,"column":12}},"32":{"start":{"line":33,"column":0},"end":{"line":33,"column":15}},"33":{"start":{"line":34,"column":0},"end":{"line":34,"column":3}},"34":{"start":{"line":35,"column":0},"end":{"line":35,"column":1}},"39":{"start":{"line":40,"column":0},"end":{"line":40,"column":91}},"40":{"start":{"line":41,"column":0},"end":{"line":41,"column":39}},"41":{"start":{"line":42,"column":0},"end":{"line":42,"column":22}},"42":{"start":{"line":43,"column":0},"end":{"line":43,"column":3}},"43":{"start":{"line":44,"column":0},"end":{"line":44,"column":11}},"44":{"start":{"line":45,"column":0},"end":{"line":45,"column":1}},"49":{"start":{"line":50,"column":0},"end":{"line":50,"column":76}},"50":{"start":{"line":51,"column":0},"end":{"line":51,"column":35}},"51":{"start":{"line":52,"column":0},"end":{"line":52,"column":1}},"69":{"start":{"line":70,"column":0},"end":{"line":70,"column":97}},"70":{"start":{"line":71,"column":0},"end":{"line":71,"column":27}},"72":{"start":{"line":73,"column":0},"end":{"line":73,"column":65}},"75":{"start":{"line":76,"column":0},"end":{"line":76,"column":72}},"76":{"start":{"line":77,"column":0},"end":{"line":77,"column":66}},"77":{"start":{"line":78,"column":0},"end":{"line":78,"column":84}},"80":{"start":{"line":81,"column":0},"end":{"line":81,"column":68}},"81":{"start":{"line":82,"column":0},"end":{"line":82,"column":43}},"84":{"start":{"line":85,"column":0},"end":{"line":85,"column":50}},"85":{"start":{"line":86,"column":0},"end":{"line":86,"column":1}}},"s":{"10":1,"11":17,"12":17,"13":5,"14":17,"15":3,"16":17,"17":17,"18":9,"19":17,"20":17,"25":1,"26":17,"27":17,"28":4,"29":17,"30":5,"31":17,"32":8,"33":17,"34":17,"39":1,"40":18,"41":2,"42":2,"43":16,"44":16,"49":1,"50":16,"51":16,"69":1,"70":16,"72":13,"75":13,"76":13,"77":13,"80":13,"81":13,"84":13,"85":13},"branchMap":{"0":{"type":"branch","line":11,"loc":{"start":{"line":11,"column":7},"end":{"line":21,"column":1}},"locations":[{"start":{"line":11,"column":7},"end":{"line":21,"column":1}}]},"1":{"type":"branch","line":13,"loc":{"start":{"line":13,"column":4},"end":{"line":14,"column":24}},"locations":[{"start":{"line":13,"column":4},"end":{"line":14,"column":24}}]},"2":{"type":"branch","line":15,"loc":{"start":{"line":15,"column":4},"end":{"line":16,"column":24}},"locations":[{"start":{"line":15,"column":4},"end":{"line":16,"column":24}}]},"3":{"type":"branch","line":17,"loc":{"start":{"line":17,"column":4},"end":{"line":17,"column":18}},"locations":[{"start":{"line":17,"column":4},"end":{"line":17,"column":18}}]},"4":{"type":"branch","line":18,"loc":{"start":{"line":18,"column":4},"end":{"line":19,"column":21}},"locations":[{"start":{"line":18,"column":4},"end":{"line":19,"column":21}}]},"5":{"type":"branch","line":26,"loc":{"start":{"line":26,"column":7},"end":{"line":35,"column":1}},"locations":[{"start":{"line":26,"column":7},"end":{"line":35,"column":1}}]},"6":{"type":"branch","line":28,"loc":{"start":{"line":28,"column":4},"end":{"line":29,"column":24}},"locations":[{"start":{"line":28,"column":4},"end":{"line":29,"column":24}}]},"7":{"type":"branch","line":30,"loc":{"start":{"line":30,"column":4},"end":{"line":31,"column":24}},"locations":[{"start":{"line":30,"column":4},"end":{"line":31,"column":24}}]},"8":{"type":"branch","line":32,"loc":{"start":{"line":32,"column":4},"end":{"line":33,"column":15}},"locations":[{"start":{"line":32,"column":4},"end":{"line":33,"column":15}}]},"9":{"type":"branch","line":40,"loc":{"start":{"line":40,"column":7},"end":{"line":45,"column":1}},"locations":[{"start":{"line":40,"column":7},"end":{"line":45,"column":1}}]},"10":{"type":"branch","line":41,"loc":{"start":{"line":41,"column":7},"end":{"line":41,"column":38}},"locations":[{"start":{"line":41,"column":7},"end":{"line":41,"column":38}}]},"11":{"type":"branch","line":41,"loc":{"start":{"line":41,"column":38},"end":{"line":43,"column":3}},"locations":[{"start":{"line":41,"column":38},"end":{"line":43,"column":3}}]},"12":{"type":"branch","line":43,"loc":{"start":{"line":43,"column":2},"end":{"line":45,"column":1}},"locations":[{"start":{"line":43,"column":2},"end":{"line":45,"column":1}}]},"13":{"type":"branch","line":50,"loc":{"start":{"line":50,"column":7},"end":{"line":52,"column":1}},"locations":[{"start":{"line":50,"column":7},"end":{"line":52,"column":1}}]},"14":{"type":"branch","line":70,"loc":{"start":{"line":70,"column":7},"end":{"line":86,"column":1}},"locations":[{"start":{"line":70,"column":7},"end":{"line":86,"column":1}}]},"15":{"type":"branch","line":71,"loc":{"start":{"line":71,"column":18},"end":{"line":71,"column":27}},"locations":[{"start":{"line":71,"column":18},"end":{"line":71,"column":27}}]},"16":{"type":"branch","line":71,"loc":{"start":{"line":71,"column":25},"end":{"line":86,"column":1}},"locations":[{"start":{"line":71,"column":25},"end":{"line":86,"column":1}}]}},"b":{"0":[17],"1":[5],"2":[3],"3":[2],"4":[9],"5":[17],"6":[4],"7":[5],"8":[8],"9":[18],"10":[8],"11":[2],"12":[16],"13":[16],"14":[16],"15":[3],"16":[13]},"fnMap":{"0":{"name":"getCustomerClassDiscountRate","decl":{"start":{"line":11,"column":7},"end":{"line":21,"column":1}},"loc":{"start":{"line":11,"column":7},"end":{"line":21,"column":1}},"line":11},"1":{"name":"getVoucherDiscountRate","decl":{"start":{"line":26,"column":7},"end":{"line":35,"column":1}},"loc":{"start":{"line":26,"column":7},"end":{"line":35,"column":1}},"line":26},"2":{"name":"getPriceThresholdDiscountRate","decl":{"start":{"line":40,"column":7},"end":{"line":45,"column":1}},"loc":{"start":{"line":40,"column":7},"end":{"line":45,"column":1}},"line":40},"3":{"name":"capDiscountAmount","decl":{"start":{"line":50,"column":7},"end":{"line":52,"column":1}},"loc":{"start":{"line":50,"column":7},"end":{"line":52,"column":1}},"line":50},"4":{"name":"calculateDiscount","decl":{"start":{"line":70,"column":7},"end":{"line":86,"column":1}},"loc":{"start":{"line":70,"column":7},"end":{"line":86,"column":1}},"line":70}},"f":{"0":17,"1":17,"2":18,"3":16,"4":16}}
}
