{"/Users/nals_macbook/Documents/front-end-testing/demo/src/main.ts": {"path":"/Users/nals_macbook/Documents/front-end-testing/demo/src/main.ts","all":true,"statementMap":{"0":{"start":{"line":1,"column":0},"end":{"line":1,"column":20}},"1":{"start":{"line":2,"column":0},"end":{"line":2,"column":44}},"3":{"start":{"line":4,"column":0},"end":{"line":4,"column":61}},"7":{"start":{"line":8,"column":0},"end":{"line":8,"column":66}}},"s":{"0":0,"1":0,"3":0,"7":0},"branchMap":{"0":{"type":"branch","line":1,"loc":{"start":{"line":1,"column":0},"end":{"line":8,"column":-32}},"locations":[{"start":{"line":1,"column":0},"end":{"line":8,"column":-32}}]}},"b":{"0":[0]},"fnMap":{"0":{"name":"(empty-report)","decl":{"start":{"line":1,"column":0},"end":{"line":8,"column":-32}},"loc":{"start":{"line":1,"column":0},"end":{"line":8,"column":-32}},"line":1}},"f":{"0":0}}
,"/Users/nals_macbook/Documents/front-end-testing/demo/src/product.ts": {"path":"/Users/nals_macbook/Documents/front-end-testing/demo/src/product.ts","all":false,"statementMap":{"0":{"start":{"line":1,"column":0},"end":{"line":1,"column":25}},"1":{"start":{"line":2,"column":0},"end":{"line":2,"column":43}},"2":{"start":{"line":3,"column":0},"end":{"line":3,"column":50}},"3":{"start":{"line":4,"column":0},"end":{"line":4,"column":32}},"4":{"start":{"line":5,"column":0},"end":{"line":5,"column":74}},"5":{"start":{"line":6,"column":0},"end":{"line":6,"column":34}},"6":{"start":{"line":7,"column":0},"end":{"line":7,"column":4}},"7":{"start":{"line":8,"column":0},"end":{"line":8,"column":1}},"9":{"start":{"line":10,"column":0},"end":{"line":10,"column":55}},"10":{"start":{"line":11,"column":0},"end":{"line":11,"column":33}},"12":{"start":{"line":13,"column":0},"end":{"line":13,"column":16}},"13":{"start":{"line":14,"column":0},"end":{"line":14,"column":29}},"14":{"start":{"line":15,"column":0},"end":{"line":15,"column":26}},"15":{"start":{"line":16,"column":0},"end":{"line":16,"column":33}},"16":{"start":{"line":17,"column":0},"end":{"line":17,"column":61}},"17":{"start":{"line":18,"column":0},"end":{"line":18,"column":37}},"18":{"start":{"line":19,"column":0},"end":{"line":19,"column":39}},"20":{"start":{"line":21,"column":0},"end":{"line":21,"column":6}},"21":{"start":{"line":22,"column":0},"end":{"line":22,"column":21}},"22":{"start":{"line":23,"column":0},"end":{"line":23,"column":26}},"24":{"start":{"line":25,"column":0},"end":{"line":25,"column":29}},"26":{"start":{"line":27,"column":0},"end":{"line":27,"column":6}},"27":{"start":{"line":28,"column":0},"end":{"line":28,"column":1}}},"s":{"0":6,"1":6,"2":6,"3":6,"4":6,"5":6,"6":6,"7":6,"9":1,"10":6,"12":6,"13":6,"14":1,"15":1,"16":1,"17":1,"18":1,"20":6,"21":6,"22":2,"24":2,"26":6,"27":6},"branchMap":{"0":{"type":"branch","line":1,"loc":{"start":{"line":1,"column":0},"end":{"line":8,"column":1}},"locations":[{"start":{"line":1,"column":0},"end":{"line":8,"column":1}}]},"1":{"type":"branch","line":2,"loc":{"start":{"line":2,"column":21},"end":{"line":7,"column":3}},"locations":[{"start":{"line":2,"column":21},"end":{"line":7,"column":3}}]},"2":{"type":"branch","line":4,"loc":{"start":{"line":4,"column":12},"end":{"line":4,"column":31}},"locations":[{"start":{"line":4,"column":12},"end":{"line":4,"column":31}}]},"3":{"type":"branch","line":5,"loc":{"start":{"line":5,"column":12},"end":{"line":5,"column":73}},"locations":[{"start":{"line":5,"column":12},"end":{"line":5,"column":73}}]},"4":{"type":"branch","line":5,"loc":{"start":{"line":5,"column":22},"end":{"line":5,"column":45}},"locations":[{"start":{"line":5,"column":22},"end":{"line":5,"column":45}}]},"5":{"type":"branch","line":5,"loc":{"start":{"line":5,"column":41},"end":{"line":5,"column":73}},"locations":[{"start":{"line":5,"column":41},"end":{"line":5,"column":73}}]},"6":{"type":"branch","line":6,"loc":{"start":{"line":6,"column":13},"end":{"line":6,"column":33}},"locations":[{"start":{"line":6,"column":13},"end":{"line":6,"column":33}}]},"7":{"type":"branch","line":10,"loc":{"start":{"line":10,"column":7},"end":{"line":28,"column":1}},"locations":[{"start":{"line":10,"column":7},"end":{"line":28,"column":1}}]},"8":{"type":"branch","line":14,"loc":{"start":{"line":14,"column":10},"end":{"line":21,"column":5}},"locations":[{"start":{"line":14,"column":10},"end":{"line":21,"column":5}}]},"9":{"type":"branch","line":22,"loc":{"start":{"line":22,"column":11},"end":{"line":27,"column":5}},"locations":[{"start":{"line":22,"column":11},"end":{"line":27,"column":5}}]}},"b":{"0":[6],"1":[6],"2":[2],"3":[2],"4":[1],"5":[1],"6":[1],"7":[6],"8":[1],"9":[2]},"fnMap":{"0":{"name":"fetchProduct","decl":{"start":{"line":1,"column":0},"end":{"line":8,"column":1}},"loc":{"start":{"line":1,"column":0},"end":{"line":8,"column":1}},"line":1},"1":{"name":"renderProduct","decl":{"start":{"line":10,"column":7},"end":{"line":28,"column":1}},"loc":{"start":{"line":10,"column":7},"end":{"line":28,"column":1}},"line":10}},"f":{"0":6,"1":6}}
,"/Users/nals_macbook/Documents/front-end-testing/demo/src/utils/index.ts": {"path":"/Users/nals_macbook/Documents/front-end-testing/demo/src/utils/index.ts","all":false,"statementMap":{"0":{"start":{"line":1,"column":0},"end":{"line":1,"column":35}},"1":{"start":{"line":2,"column":0},"end":{"line":2,"column":56}},"2":{"start":{"line":3,"column":0},"end":{"line":3,"column":1}},"4":{"start":{"line":5,"column":0},"end":{"line":5,"column":64}},"5":{"start":{"line":6,"column":0},"end":{"line":6,"column":29}},"7":{"start":{"line":8,"column":0},"end":{"line":8,"column":50}},"9":{"start":{"line":10,"column":0},"end":{"line":10,"column":30}},"11":{"start":{"line":12,"column":0},"end":{"line":12,"column":36}},"12":{"start":{"line":13,"column":0},"end":{"line":13,"column":1}},"14":{"start":{"line":15,"column":0},"end":{"line":15,"column":44}},"15":{"start":{"line":16,"column":0},"end":{"line":16,"column":28}},"16":{"start":{"line":17,"column":0},"end":{"line":17,"column":49}},"17":{"start":{"line":18,"column":0},"end":{"line":18,"column":41}},"19":{"start":{"line":20,"column":0},"end":{"line":20,"column":56}},"21":{"start":{"line":22,"column":0},"end":{"line":22,"column":50}},"23":{"start":{"line":24,"column":0},"end":{"line":24,"column":19}},"24":{"start":{"line":25,"column":0},"end":{"line":25,"column":1}}},"s":{"0":1,"1":1,"2":1,"4":1,"5":3,"7":3,"9":3,"11":2,"12":2,"14":1,"15":4,"16":4,"17":4,"19":4,"21":4,"23":2,"24":2},"branchMap":{"0":{"type":"branch","line":1,"loc":{"start":{"line":1,"column":7},"end":{"line":3,"column":1}},"locations":[{"start":{"line":1,"column":7},"end":{"line":3,"column":1}}]},"1":{"type":"branch","line":2,"loc":{"start":{"line":2,"column":21},"end":{"line":2,"column":55}},"locations":[{"start":{"line":2,"column":21},"end":{"line":2,"column":55}}]},"2":{"type":"branch","line":5,"loc":{"start":{"line":5,"column":7},"end":{"line":13,"column":1}},"locations":[{"start":{"line":5,"column":7},"end":{"line":13,"column":1}}]},"3":{"type":"branch","line":10,"loc":{"start":{"line":10,"column":19},"end":{"line":10,"column":30}},"locations":[{"start":{"line":10,"column":19},"end":{"line":10,"column":30}}]},"4":{"type":"branch","line":10,"loc":{"start":{"line":10,"column":26},"end":{"line":13,"column":1}},"locations":[{"start":{"line":10,"column":26},"end":{"line":13,"column":1}}]},"5":{"type":"branch","line":15,"loc":{"start":{"line":15,"column":7},"end":{"line":25,"column":1}},"locations":[{"start":{"line":15,"column":7},"end":{"line":25,"column":1}}]},"6":{"type":"branch","line":20,"loc":{"start":{"line":20,"column":19},"end":{"line":20,"column":56}},"locations":[{"start":{"line":20,"column":19},"end":{"line":20,"column":56}}]},"7":{"type":"branch","line":20,"loc":{"start":{"line":20,"column":37},"end":{"line":22,"column":26}},"locations":[{"start":{"line":20,"column":37},"end":{"line":22,"column":26}}]},"8":{"type":"branch","line":22,"loc":{"start":{"line":22,"column":19},"end":{"line":22,"column":50}},"locations":[{"start":{"line":22,"column":19},"end":{"line":22,"column":50}}]},"9":{"type":"branch","line":22,"loc":{"start":{"line":22,"column":36},"end":{"line":25,"column":1}},"locations":[{"start":{"line":22,"column":36},"end":{"line":25,"column":1}}]}},"b":{"0":[1],"1":[1],"2":[3],"3":[1],"4":[2],"5":[4],"6":[1],"7":[3],"8":[1],"9":[2]},"fnMap":{"0":{"name":"sleep","decl":{"start":{"line":1,"column":7},"end":{"line":3,"column":1}},"loc":{"start":{"line":1,"column":7},"end":{"line":3,"column":1}},"line":1},"1":{"name":"formatDateTime","decl":{"start":{"line":5,"column":7},"end":{"line":13,"column":1}},"loc":{"start":{"line":5,"column":7},"end":{"line":13,"column":1}},"line":5},"2":{"name":"toRelativeTime","decl":{"start":{"line":15,"column":7},"end":{"line":25,"column":1}},"loc":{"start":{"line":15,"column":7},"end":{"line":25,"column":1}},"line":15}},"f":{"0":1,"1":3,"2":4}}
}
